Arguments: 
  C:\Program Files\nodejs\node.exe C:\Users\aksha\AppData\Roaming\npm\node_modules\yarn\bin\yarn.js install

PATH: 
  C:\Python310\Scripts\;C:\Python310\;C:\WINDOWS\system32;C:\WINDOWS;C:\WINDOWS\System32\Wbem;C:\WINDOWS\System32\WindowsPowerShell\v1.0\;C:\Program Files (x86)\Skype\Phone\;%NVM_HOME%;%NVM_SYMLINK%;C:\Program Files\Git\cmd;C:\Program Files\nodejs\;C:\ProgramData\chocolatey\bin;C:\Users\aksha\AppData\Local\Microsoft\WindowsApps;C:\Users\aksha\AppData\Local\Programs\Microsoft VS Code\bin;C:\Users\aksha\AppData\Roaming\nvm;C:\Program Files\nodejs;C:\Users\aksha\AppData\Roaming\npm;C:\Users\aksha\AppData\Local\Programs\Hyper\resources\bin

Yarn version: 
  1.22.19

Node version: 
  16.16.0

Platform: 
  win32 x64

Trace: 
  SyntaxError: D:\third-eye\paint-backend\package.json: Unexpected token } in JSON at position 322
      at JSON.parse (<anonymous>)
      at C:\Users\aksha\AppData\Roaming\npm\node_modules\yarn\lib\cli.js:1629:59
      at Generator.next (<anonymous>)
      at step (C:\Users\aksha\AppData\Roaming\npm\node_modules\yarn\lib\cli.js:310:30)
      at C:\Users\aksha\AppData\Roaming\npm\node_modules\yarn\lib\cli.js:321:13

npm manifest: 
  {
    "dependencies": {
      "concurrently": "^7.5.0",
      "cors": "^2.8.5",
      "express": "^4.18.2",
      "socket.io": "^4.5.3"
    },
    "scripts": {
      "server": "nodemon index.js",
      "client": "yarn --cwd client start",
      "dev": "concurrently \"yarn server\" \"yarn client\"",
      "build": "yarn --cwd client build",
    },
    "name": "server",
    "version": "1.0.0",
    "main": "index.js",
    "license": "MIT"
  }

yarn manifest: 
  No manifest

Lockfile: 
  No lockfile
